         w __deregister_frame_info
         w __register_frame_info
         w __syscall_lock_close_recursive
         w userAppExit
         w userAppInit
00000000 00000401 B __ctru_dev_path_buf
00000000 b _TLS_MODULE_BASE_
00000000 a shift
00000000 a shift
00000404 00000802 B __ctru_dev_utf16_buf
00100000 A __start__
00100000 T _start
00100008 T __service_ptr
0010000c T __apt_appid
00100010 T __heap_size
00100014 T __linear_heap_size
00100018 T __system_arglist
0010001c T __system_runflags
00100020 t startup
00100058 t ClearMem
0010006c t ClrLoop
00100094 T _init
001000ac t .udivsi3_skip_div0_test
001000ac T __aeabi_uidiv
001000ac 000001ec T __udivsi3
00100298 00000020 T __aeabi_uidivmod
001002b8 T __aeabi_idiv
001002b8 00000220 T __divsi3
001002c0 t .divsi3_skip_div0_test
001004d8 00000020 T __aeabi_idivmod
001004f8 00000004 W __aeabi_idiv0
001004f8 00000004 W __aeabi_ldiv0
001004fc T __aeabi_drsub
00100504 000002b0 T __aeabi_dsub
00100504 000002b0 T __subdf3
00100508 000002ac T __adddf3
00100508 000002ac T __aeabi_dadd
001007b4 00000024 T __aeabi_ui2d
001007b4 00000024 T __floatunsidf
001007d8 00000028 T __aeabi_i2d
001007d8 00000028 T __floatsidf
00100800 00000048 T __aeabi_f2d
00100800 00000048 T __extendsfdf2
00100848 00000074 T __aeabi_ul2d
00100848 00000074 T __floatundidf
0010085c 00000060 T __aeabi_l2d
0010085c 00000060 T __floatdidf
001008bc 0000019c T __aeabi_frsub
001008c4 00000194 T __aeabi_fsub
001008c4 00000194 T __subsf3
001008c8 00000190 T __addsf3
001008c8 00000190 T __aeabi_fadd
00100a58 00000028 T __aeabi_ui2f
00100a58 00000028 T __floatunsisf
00100a60 00000020 T __aeabi_i2f
00100a60 00000020 T __floatsisf
00100a80 0000008c T __aeabi_ul2f
00100a80 0000008c T __floatundisf
00100a90 0000007c T __aeabi_l2f
00100a90 0000007c T __floatdisf
00100b0c T __aeabi_ldivmod
00100be0 T __aeabi_uldivmod
00100c28 00000390 T strcmp
00100fb0 t __do_global_dtors_aux
00100ff0 t frame_dummy
0010101c 000000c4 T controllerSprites_mario(int)
001010e0 000000c4 T controllerSprites_Toad()
001011a4 000000bc T controllerSprites_Goomba()
00101260 000000b4 T controllerSprites_block(int)
00101314 00000130 T characterAnimations()
00101444 00000110 T marioPhysics()
00101558 0000041c T moveMario(unsigned long)
00101974 0000008c T setIdleMario(int)
00101a00 000000ec T prepare_sprites()
00101aec 00000114 T prepare_mario(int, int)
00101c00 000000cc T prepare_block()
00101ccc 000000fc T prepare_goomba()
00101dc8 00000208 T prepare_toad()
00101fd0 00000098 T draw_characters()
00102068 00000038 T scenesExit()
001020a0 000000a8 T initGame()
00102148 0000009c T manageKeyPress(unsigned long)
001021e4 000000c4 T prepareSound(char*, CWAV_s*)
001022a8 00000060 T prepareSounds()
00102308 0000031c T main
00102624 0000005c t _GLOBAL__sub_I_rightWalk
00102680 00000044 t C2Di_FrameEndHook
001026c8 0000036c T C2D_Init
00102a34 0000004c T C2D_Fini
00102a80 000000b8 T C2D_Prepare
00102b38 00000048 T C2D_Flush
00102b80 00000104 T C2D_SceneSize
00102c84 00000058 T C2D_CreateScreenTarget
00102cdc 00000064 T C2D_TargetClear
00102d40 0000013c T C2Di_CalcQuad
00102e7c 00000058 T C2Di_AppendQuad
00102ed4 00000550 T C2Di_Update
00103424 000002b0 T C2D_DrawImage
001036d4 000001dc T C2D_TextBufNew
001038b0 00000004 T C2D_TextBufDelete
001038b4 0000006c T C2D_SpriteSheetLoadFromHandle
00103920 00000048 T C2D_SpriteSheetLoad
00103968 00000028 T C2D_SpriteSheetFree
00103990 0000002c T C2D_SpriteSheetGetImage
001039bc 00000004 W C3Di_LightEnvUpdate
001039c0 00000004 W C3Di_LightEnvDirty
001039c4 000000b4 t C3Di_AptEventHook
00103a78 00000004 W C3Di_GasUpdate
00103a7c 000001e0 T C3D_Init
00103c5c 00000098 T C3D_SetViewport
00103cf4 000004e8 T C3Di_UpdateContext
001041dc 000000e0 T C3Di_SplitFrame
001042bc 00000044 T C3D_Fini
00104300 00000114 T C3D_BindProgram
00104414 0000004c t onVBlank0
00104460 0000004c t onVBlank1
001044ac 00000080 t C3Di_RenderTargetDestroy
0010452c 000000f4 t onQueueFinish
00104620 00000038 T C3Di_RenderQueueEnableVBlank
00104658 00000030 T C3Di_RenderQueueDisableVBlank
00104688 00000060 T C3Di_RenderQueueInit
001046e8 000000b0 T C3Di_RenderQueueExit
00104798 00000034 T C3Di_RenderQueueWaitDone
001047cc 000000e4 T C3D_FrameBegin
001048b0 00000048 T C3D_FrameDrawOn
001048f8 00000058 T C3D_FrameSplit
00104950 000001d8 T C3D_FrameEnd
00104b28 0000001c T C3D_FrameEndHook
00104b44 00000184 T C3D_RenderTargetCreate
00104cc8 000000a8 T C3D_RenderTargetSetOutput
00104d70 000000fc T C3D_SyncTextureCopy
00104e6c 00000294 T C3D_TexInitWithParams
00105100 000000c8 T C3D_TexLoadImage
001051c8 00000044 T C3D_TexBind
0010520c 00000074 T C3D_TexDelete
00105280 0000016c T C3Di_SetTex
001053ec 000003f4 t Tex3DSi_ImportCommon
001057e0 00000038 T Tex3DS_TextureImportStdio
00105818 0000001c T Tex3DS_GetSubTexture
00105834 00000004 T Tex3DS_TextureFree
00105838 0000001c T C3D_CalcColorBufSize
00105854 0000001c T C3D_CalcDepthBufSize
00105870 00000044 T C3D_SetFrameBuf
001058b4 0000016c T C3Di_FrameBufBind
00105a20 000000c8 T C3D_FrameBufClear
00105ae8 00000044 T C3D_FrameBufTransfer
00105b2c 00000034 T C3D_GetTexEnv
00105b60 00000024 T C3Di_TexEnvBind
00105b84 00000218 T C3D_DrawElements
00105d9c 00000070 T C3D_ProcTexInit
00105e0c 00000054 T C3D_ProcTexBind
00105e60 0000005c T C3D_ProcTexLutBind
00105ebc 000000a4 T ProcTexLut_FromArray
00105f60 0000017c T C3Di_ProcTexUpdate
001060dc 00000068 T C3Di_ProcTexDirty
00106144 00000024 T BufInfo_Init
00106168 00000080 T BufInfo_Add
001061e8 00000040 T C3D_SetBufInfo
00106228 00000048 T C3Di_BufInfoBind
00106270 00000040 T C3D_DepthMap
001062b0 0000001c T C3D_CullFace
001062cc 00000040 T C3D_StencilTest
0010630c 00000024 T C3D_StencilOp
00106330 0000001c T C3D_BlendingColor
0010634c 00000024 T C3D_EarlyDepthTest
00106370 0000002c T C3D_DepthTest
0010639c 0000002c T C3D_AlphaTest
001063c8 00000050 T C3D_AlphaBlend
00106418 00000030 T C3D_FragOpMode
00106448 00000044 T C3D_FragOpShadow
0010648c 000001ac T C3Di_EffectBind
00106638 00000028 T AttrInfo_Init
00106660 00000094 T AttrInfo_AddLoader
001066f4 00000054 T C3D_SetAttrInfo
00106748 00000080 T C3Di_AttrInfoBind
001067c8 000000a8 T C3D_ImmSendAttrib
00106870 00000280 T C3D_UpdateUniforms
00106af0 000000c0 T C3Di_DirtyUniforms
00106bb0 000000d8 T C3Di_LoadShaderUniforms
00106c88 00000028 T C3Di_ClearShaderUniforms
00106cb0 000000cc T Mtx_Ortho
00106d7c 000000cc T Mtx_OrthoTilt
00106e48 00000024 t addrMapNodeComparator(rbtree_node const*, rbtree_node const*)
00106e6c 00000004 t addrMapNodeDestructor(rbtree_node*)
00106e70 00000258 T vramMemAlignAt
001070c8 0000000c T vramAlloc
001070d4 0000000c T vramAllocAt
001070e0 00000090 T vramFree
00107170 00000024 t addrMapNodeComparator(rbtree_node const*, rbtree_node const*)
00107194 00000004 t addrMapNodeDestructor(rbtree_node*)
00107198 00000130 T linearMemAlign
001072c8 00000008 T linearAlloc
001072d0 0000005c T linearFree
0010732c 00000080 T MemPool::CoalesceRight(MemBlock*)
001073ac 00000174 T MemPool::Allocate(MemChunk&, unsigned long, int)
00107520 000000fc T MemPool::Deallocate(MemChunk const&)
0010761c 00000030 T MemPool::GetFreeSpace()
0010764c 00000008 t romfs_close
00107654 000000c4 t romfs_seek
00107718 00000024 t romfs_dirreset
0010773c 000000c8 t fill_dir
00107804 000002b0 t romfs_dirnext
00107ab4 00000084 t romfs_free
00107b38 000000d4 t searchForFile.constprop.0
00107c0c 000000d8 t searchForDir.constprop.0
00107ce4 000001c0 t navigateToDir.constprop.0
00107ea4 00000128 t romfs_open
00107fcc 0000004c t romfs_chdir
00108018 00000070 t romfs_diropen
00108088 0000017c t romfs_stat
00108204 00000008 t romfs_dirclose
0010820c 0000007c t romfs_fstat
00108288 000000d0 t romfs_read
00108358 00000290 T romfsMountFromFile
001085e8 00000098 T romfsMountFromCurrentProcess
00108680 00000260 T romfsMountSelf
001088e0 00000074 T osConvertVirtToPhys
00108954 00000054 T osGetTimeRef
001089a8 000000ec T osGetTime
00108a94 00000034 T __ctru_speedup_config
00108ac8 00000204 t parseColor
00108ccc 000001ac T consoleDrawChar
00108e78 00000124 T consolePrintChar
00108f9c 00000b00 T con_write
00109a9c 000000f4 t newRow
00109b90 00000168 T consoleInit
00109cf8 0000009c T fontEnsureMapped
00109d94 000000d0 t gfxPresentFramebuffer
00109e64 0000001c T gfxIsWide
00109e80 000000ec T gfxSetScreenFormat
00109f6c 00000010 T gfxSetDoubleBuffering
00109f7c 000000e8 T gfxInit
0010a064 00000010 T gfxInitDefault
0010a074 000000b4 T gfxExit
0010a128 000000a0 T gfxGetFramebuffer
0010a1c8 0000010c T gfxFlushBuffers
0010a2d4 00000030 T gfxScreenSwapBuffers
0010a304 00000050 T gfxSwapBuffersGpu
0010a354 000001dc T shaderInstanceInit
0010a530 00000018 T shaderInstanceGetUniformLocation
0010a548 0000001c T shaderProgramInit
0010a564 00000064 T shaderProgramFree
0010a5c8 00000080 T shaderProgramSetVsh
0010a648 000008c8 T shaderProgramConfigure
0010af10 000001f8 t DVLE_GenerateOutmap.part.0
0010b108 000001cc T DVLB_ParseFile
0010b2d4 00000038 T DVLB_Free
0010b30c 00000074 T DVLE_GetUniformRegister
0010b380 00000010 T GX_BindQueue
0010b390 00000078 T GX_ProcessCommandList
0010b408 00000074 T GX_MemoryFill
0010b47c 00000070 T GX_DisplayTransfer
0010b4ec 00000074 T GX_TextureCopy
0010b560 00000068 t gxCmdQueueDoCommands.part.0
0010b5c8 000000c8 T gxCmdQueueInterrupt
0010b690 0000004c T gxCmdQueueClear
0010b6dc 000000f8 T gxCmdQueueAdd
0010b7d4 00000080 T gxCmdQueueRun
0010b854 00000060 T gxCmdQueueStop
0010b8b4 00000074 T gxCmdQueueWait
0010b928 0000013c T GPUCMD_Add
0010ba64 000000b0 T GPUCMD_Split
0010bb14 00000040 T f32tof16
0010bb54 00000040 T f32tof24
0010bb94 00000044 T f32tof31
0010bbd8 00000158 t ndspUpdateMaster
0010bd30 00000110 t ndspFinalize
0010be40 0000024c t ndspInitialize.part.0
0010c08c 000000fc t ndspHookCallback
0010c188 00000318 t ndspThreadMain
0010c4a0 000003dc T ndspInit
0010c87c 000000c8 T ndspChnReset
0010c944 00000018 T ndspChnSetFormat
0010c95c 00000064 T ndspChnSetRate
0010c9c0 00000088 T ndspChnSetMix
0010ca48 00000070 T ndspChnSetAdpcmCoefs
0010cab8 000000b8 T ndspChnWaveBufAdd
0010cb70 00000040 T ndspiInitChn
0010cbb0 0000002c T ndspiDirtyChn
0010cbdc 00000478 T ndspiUpdateChn
0010d054 00000184 T ndspiReadChnState
0010d1d8 000000a4 T cfguInit
0010d27c 0000003c T cfguExit
0010d2b8 0000004c T CFGU_GetConfigInfoBlk2
0010d304 000000a4 t DSP_LoadComponent.part.0
0010d3a8 000000dc T dspInit
0010d484 00000080 T dspExit
0010d504 00000024 T dspHook
0010d528 000000ac T aptDspSleep
0010d5d4 000000b4 T aptDspWakeup
0010d688 00000044 T aptDspCancel
0010d6cc 00000034 T DSP_SetSemaphore
0010d700 00000034 T DSP_SetSemaphoreMask
0010d734 00000038 T DSP_GetSemaphoreHandle
0010d76c 0000003c T DSP_LoadComponent
0010d7a8 00000044 T DSP_RegisterInterruptEvents
0010d7ec 00000074 T DSP_ReadPipeIfPossible
0010d860 0000004c T DSP_WriteProcessPipe
0010d8ac 00000040 T DSP_ConvertProcessAddressFromDspDram
0010d8ec 00000040 T DSP_RecvData
0010d92c 0000004c T DSP_RecvDataIsReady
0010d978 00000c58 t gspHardwareInit
0010e5d0 0000024c T gspInit
0010e81c 000000f0 T gspExit
0010e90c 00000010 T gspHasGpuRight
0010e91c 000000a0 T gspPresentBuffer
0010e9bc 00000030 T gspSetEventCallback
0010e9ec 00000050 T gspWaitForEvent
0010ea3c 0000004c T gspWaitForAnyEvent
0010ea88 00000160 t gspEventThreadMain
0010ebe8 00000130 T gspSubmitGxCommand
0010ed18 00000050 T GSPGPU_FlushDataCache
0010ed68 00000034 T GSPGPU_SetLcdForceBlack
0010ed9c 00000068 T GSPGPU_AcquireRight
0010ee04 00000048 T GSPGPU_ReleaseRight
0010ee4c 0000007c T GSPGPU_ImportDisplayCaptureInfo
0010eec8 0000002c T GSPGPU_SaveVramSysArea
0010eef4 0000002c T GSPGPU_RestoreVramSysArea
0010ef20 000001b0 t aptConvertScreenForCapture
0010f0d0 0000015c T aptSendCommand
0010f22c 00000038 t aptExitProcess
0010f264 000002f0 T aptExit
0010f554 000000d8 T aptHandleSleep
0010f62c 00000030 T aptHook
0010f65c 00000030 T aptUnhook
0010f68c 00000084 T APT_SleepIfShellClosed
0010f710 00000084 T aptSetSleepAllowed
0010f794 00000084 T APT_UnlockTransition
0010f818 00000484 t aptEventHandler
0010fc9c 000000b0 T APT_ReceiveParameter
0010fd4c 000000b0 t aptReceiveParameter.constprop.0
0010fe00 000002bc t aptScreenTransfer
001100bc 00000374 t aptWaitForWakeUp.isra.0
00110430 000000f8 T aptJumpToHomeMenu
00110528 0000004c T aptMainLoop
00110574 00000234 T aptInit
001107a8 0000007c T APT_CheckNew3DS
00110824 00000048 T APT_GetSharedFont
0011086c 00000024 W hidShouldUseIrrst
00110890 0000018c T hidInit
00110a1c 000000e8 T hidExit
00110b04 000002a4 T hidScanInput
00110da8 00000010 T hidKeysHeld
00110db8 00000010 T hidKeysDown
00110dc8 00000010 T hidKeysUp
00110dd8 00000074 T ptmSysmInit
00110e4c 0000003c T ptmSysmExit
00110e88 00000034 T PTMSYSM_ConfigureNew3DSCPU
00110ebc 000000c8 T fsInit
00110f84 0000003c T fsExit
00110fc0 00000060 T fsExemptFromSession
00111020 00000050 T fsUnexemptFromSession
00111070 000000cc T FSUSER_OpenFile
0011113c 000000d4 T FSUSER_OpenFileDirectly
00111210 000000bc T FSUSER_DeleteFile
001112cc 000000f8 T FSUSER_RenameFile
001113c4 000000bc T FSUSER_DeleteDirectory
00111480 000000d4 T FSUSER_CreateFile
00111554 000000c4 T FSUSER_CreateDirectory
00111618 000000f8 T FSUSER_RenameDirectory
00111710 000000b4 T FSUSER_OpenDirectory
001117c4 00000094 T FSUSER_OpenArchive
00111858 0000008c T FSUSER_CloseArchive
001118e4 00000074 T FSUSER_GetSdmcArchiveResource
00111958 00000064 T FSUSER_IsSdmcWritable
001119bc 00000058 T FSFILE_Read
00111a14 00000060 T FSFILE_Write
00111a74 00000038 T FSFILE_GetSize
00111aac 00000028 T FSFILE_SetSize
00111ad4 0000003c T FSFILE_Close
00111b10 00000024 T FSFILE_Flush
00111b34 00000050 T FSDIR_Read
00111b84 0000003c T FSDIR_Close
00111bc0 000000cc t buffer_read
00111c8c 000000d0 t iov_read
00111d5c 00000128 t iov_memmove
00111e84 000001d8 t decompress_rle
0011205c 0000024c t decompress_lzss
001122a8 000002ec t decompress_huff.part.0
00112594 00000458 t decompress_lz11
001129ec 00000010 T decompressCallback_Stdio
001129fc 000000d8 T decompressHeader
00112ad4 0000023c T decompressV
00112d10 00000010 T rbtree_init
00112d20 000001a8 t do_insert
00112ec8 00000008 T rbtree_insert
00112ed0 00000090 T rbtree_rotate
00112f60 00000338 T rbtree_remove
00113298 00000074 T rbtree_find
0011330c 000000e8 T utf16_to_utf8
001133f4 00000064 T decode_utf16
00113458 0000013c T decode_utf8
00113594 000000c0 T utf8_to_utf16
00113658 000001e0 W __system_allocateHeaps
00113838 00000038 W __libctru_init
00113870 00000168 W __system_initArgv
001139d8 T svcControlMemory
001139f8 T svcQueryMemory
00113a28 T svcExitProcess
00113a30 T svcCreateThread
00113a50 T svcExitThread
00113a58 T svcSleepThread
00113a60 T svcReleaseMutex
00113a68 T svcCreateEvent
00113a7c T svcSignalEvent
00113a84 T svcClearEvent
00113a8c T svcMapMemoryBlock
00113a94 T svcUnmapMemoryBlock
00113a9c T svcCreateAddressArbiter
00113ab0 T svcArbitrateAddressNoTimeout
00113ab8 T svcCloseHandle
00113ac0 T svcWaitSynchronization
00113ac8 T svcWaitSynchronizationN
00113af0 T svcDuplicateHandle
00113b04 T svcGetSystemTick
00113b0c T svcConnectToPort
00113b20 T svcSendSyncRequest
00113b28 T svcGetResourceLimit
00113b3c T svcGetResourceLimitLimitValues
00113b44 T svcGetResourceLimitCurrentValues
00113b4c T svcBreak
00113b54 W initSystem
00113ba4 W __ctru_exit
00113bbc T __aeabi_read_tp
00113bc8 0000000c T __sync_init
00113bd4 00000018 T __sync_fini
00113bec 0000002c T syncArbitrateAddress
00113c18 0000001c T LightLock_Init
00113c34 00000094 T LightLock_Lock
00113cc8 00000040 T LightLock_Unlock
00113d08 00000024 T RecursiveLock_Init
00113d2c 00000030 T RecursiveLock_Lock
00113d5c 00000054 T RecursiveLock_Unlock
00113db0 00000040 T LightEvent_Init
00113df0 000000a4 T LightEvent_Clear
00113e94 000000c8 T LightEvent_Signal
00113f5c 00000058 T LightEvent_TryWait
00113fb4 000000b0 T LightEvent_Wait
00114064 00000084 W envGetHandle
001140e8 00000050 W envDestroyHandles
00114138 00000124 T srvInit
0011425c 00000058 T srvExit
001142b4 00000080 T srvGetServiceHandleDirect
00114334 00000048 T srvGetServiceHandle
0011437c 00000038 T srvPublishToSubscriber
001143b4 00000188 T threadCreate
0011453c 0000002c T threadFree
00114568 00000024 T threadJoin
0011458c 00000030 T threadGetCurrent
001145bc 00000040 T threadExit
001145fc 00000044 t _thread_begin
00114640 00000094 t mappableFindAddressWithin
001146d4 00000028 T mappableInit
001146fc 00000080 T mappableAlloc
0011477c 00000004 T mappableFree
00114780 00000160 T irrstInit
001148e0 000000cc T irrstExit
001149ac 000000b4 T irrstScanInput
00114a60 00000024 T irrstKeysHeld
00114a84 0000000c T srvPmGetSessionHandle
00114a90 00000058 T rbtree_node_next
00114ae8 00000060 T encode_utf16
00114b48 000000fc T encode_utf8
00114c44 00000030 W __appInit
00114c74 00000030 T __syscall_getreent
00114ca4 00000074 T __syscall_gettod_r
00114d18 00000004 T __syscall_lock_acquire
00114d1c 00000004 T __syscall_lock_release
00114d20 00000004 T __syscall_lock_init_recursive
00114d24 00000004 T __syscall_lock_acquire_recursive
00114d28 00000004 T __syscall_lock_release_recursive
00114d2c 00000004 T __syscall_exit
00114d30 00000060 T __system_initSyscalls
00114d90 00000030 W __appExit
00114dc0 00000090 W __libctru_exit
00114e50 00000014 t archive_link
00114e64 00000014 t archive_dirreset
00114e78 00000014 t archive_chmod
00114e8c 00000024 t error_cmp
00114eb0 00000050 t archive_translate_error
00114f00 000000d4 t archive_seek
00114fd4 0000007c t _archiveInit.part.0
00115050 0000008c t archiveFindDevice.part.0
001150dc 00000260 t archive_utf16path
0011533c 000000a0 t _archiveUnmountDeviceStruct.part.0
001153dc 00000014 t archive_fchmod
001153f0 00000014 t archive_statvfs
00115404 00000158 t _archiveMountDevice
0011555c 000000e8 t archive_diropen
00115644 000000a4 t archive_fstat
001156e8 0000006c t archive_close
00115754 0000006c t archive_fsync
001157c0 00000070 t archive_dirclose
00115830 000000e8 t sdmc_statvfs
00115918 00000080 t archive_ftruncate
00115998 000000fc t archive_chdir
00115a94 000000b0 t archive_read
00115b44 000000ac t archive_unlink
00115bf0 000000c8 t archive_rmdir
00115cb8 000000ec t archive_mkdir
00115da4 000001a8 t archive_stat
00115f4c 0000026c t archive_rename
001161b8 00000168 t archive_dirnext
00116320 0000012c t archive_write
0011644c 000001e8 t archive_open
00116634 000001a4 T archiveMountSdmc
001167d8 00000054 T archiveUnmountAll
0011682c 00000394 t cwav_initialize
00116bc0 000000f4 t cwav_stopImpl.part.0
00116cb4 00000004 T cwavUseEnvironment
00116cb8 00000050 T cwavLoad
00116d08 000004a4 T cwavPlay
001171ac 00000064 T cwavStop
00117210 00000170 T cwavFree
00117380 000000ac T cwavIsPlaying
0011742c 00000004 T cwav_defaultVAToPA
00117430 00000010 T cwavEnvUseEnvironment
00117440 0000002c T cwavEnvInitialize
0011746c 00000034 T cwavEnvFinalize
001174a0 00000058 T cwavEnvCompatibleEncoding
001174f8 0000002c T cwavEnvGetChannelAmount
00117524 00000030 T cwavEnvIsChannelAvailable
00117554 00000298 T cwavEnvPlay
001177ec 00000074 T cwavEnvChannelIsPlaying
00117860 00000058 T cwavEnvStop
001178b8 000000b8 t NCSNDCmd_Add
00117970 00000084 t NCSNDCmd_Execute.constprop.0
001179f4 00000024 T ncsndInitializeSound
00117a18 00000260 T ncsndPlaySound
00117c78 00000040 T ncsndStopSound
00117cb8 00000090 T ncsndIsPlaying
00117d48 0000022c T cosf
00117f74 00000024 t with_errnof
00117f98 0000001c T __math_invalidf
00117fb8 0000026c T sinf
00118224 00000044 T __popcountsi2
00118268 00000120 T __udivmoddi4
00118388 00000078 T bsearch
00118400 00000028 T calloc
00118428 000000bc T _calloc_r
001184e4 0000000c T __errno
001184f0 00000034 T exit
00118524 00000160 T _fclose_r
00118684 00000020 T fclose
001186a4 00000258 T __sflush_r
001188fc 00000094 T _fflush_r
00118990 00000038 T fflush
001189c8 0000000c T _cleanup_r
001189d4 00000184 T __sinit
00118b58 00000134 T __sfp
00118c8c 0000000c T __sfp_lock_acquire
00118c98 0000000c T __sfp_lock_release
00118ca4 0000003c T __libc_fini_array
00118ce0 00000140 T _fopen_r
00118e20 00000028 T fopen
00118e48 000002d4 T _fread_r
0011911c 00000038 T fread
00119154 000000f8 T _malloc_trim_r
0011924c 000002e4 T _free_r
00119530 0000001c T _fseek_r
0011954c 00000034 T fseek
00119580 00000598 T _fseeko_r
00119b18 00000034 T ftell
00119b4c 000001bc T _ftello_r
00119d08 00000068 T _fwalk
00119d70 00000070 T _fwalk_reent
00119de0 0000007c T __libc_init_array
00119e5c 00000138 T __smakebuf_r
00119f94 0000008c T __swhatbuf_r
0011a020 00000028 T memalign
0011a048 00000150 T _memalign_r
0011a198 00000020 T malloc
0011a1b8 00000020 T free
0011a1d8 000007e0 T _malloc_r
0011a9b8 000000e0 T memchr
0011aa98 000000a8 T memcmp
0011ab40 0000011c T memcpy
0011ac5c 00000118 T memset
0011ad74 0000000c T __malloc_lock
0011ad80 0000000c T __malloc_unlock
0011ad8c 000000e0 T _puts_r
0011ae6c 00000020 T puts
0011ae8c 0000001c T srand
0011aea8 00000028 T realloc
0011aed0 00000558 T _realloc_r
0011b428 0000001c t lflush
0011b444 000001ac T __srefill_r
0011b5f0 00000260 T setvbuf
0011b850 00000074 T sscanf
0011b8c4 00000044 T __sread
0011b908 00000008 T __seofread
0011b910 00000068 T __swrite
0011b978 00000048 T __sseek
0011b9c0 00000008 T __sclose
0011b9c8 0000012c T strchr
0011baf4 0000005c T strlen
0011bb50 000000ec T strncat
0011bc3c 000000dc T strncmp
0011bd18 000000c0 T strncpy
0011bdd8 00000048 T strnlen
0011be20 000001c4 t _strtoul_l.constprop.0
0011bfe4 00000004 T _strtoul_r
0011bfe8 00000030 T strtoul
0011c018 00000050 t get_arg
0011c068 00002bbc T __ssvfscanf_r
0011ec24 0000003c T time
0011ec60 00000114 T __call_exitprocs
0011ed74 000000cc T __sflags
0011ee40 000004c0 T __sfvwrite_r
0011f300 00000008 T iswspace
0011f308 0000000c T _localeconv_r
0011f314 00000010 T __locale_mb_cur_max
0011f324 00000068 T _mbrtowc_r
0011f38c 000002e4 T __utf8_mbtowc
0011f670 00000154 T memmove
0011f7c4 000000e4 T __sccl
0011f8a8 0000000c T nanf
0011f8b4 00000064 T sprintf
0011f918 000000b8 T stpncpy
0011f9d0 00001368 T _strtod_l
00120d38 0000000c T _strtod_r
00120d44 0000022c t _strtoll_l.constprop.0
00120f70 00000004 T _strtoll_r
00120f74 000001a4 t _strtol_l.part.0
00121118 0000003c T _strtol_r
00121154 00000244 t _strtoull_l.constprop.0
00121398 00000004 T _strtoull_r
0012139c 000000e0 T _sungetc_r
0012147c 0000006c T __ssrefill_r
001214e8 000000c8 T _sfread_r
001215b0 00000628 t get_arg
00121bd8 000035b8 T _svfprintf_r
00125190 000000a8 T __submore
00125238 00000054 T _wcrtomb_r
0012528c 00000028 T _wcsrtombs_r
001252b4 000000f0 T __utf8_wctomb
001253a4 00000154 T __swsetup_r
001254f8 000001ac t quorem
001256a8 000012cc T _dtoa_r
00126974 000000ec t rshift
00126a60 00000904 T __gethex
00127364 0000004c T __match
001273b0 0000029c T __hexnan
0012764c 0000003c T iswspace_l
00127688 000001d4 t __jp2uc
0012785c 0000009c T _jp2uc_l
001278f8 00000088 T _Balloc
00127980 0000001c T _Bfree
0012799c 000000f4 T __multadd
00127a90 00000110 T __s2b
00127ba0 00000058 T __hi0bits
00127bf8 00000094 T __lo0bits
00127c8c 000000a4 T __i2b
00127d30 00000204 T __multiply
00127f34 00000120 T __pow5mult
00128054 0000013c T __lshift
00128190 00000058 T __mcmp
001281e8 000001cc T __mdiff
001283b4 00000074 T __ulp
00128428 000000d0 T __b2d
001284f8 00000124 T __d2b
0012861c 00000078 T __ratio
00128694 00000088 T __copybits
0012871c 0000005c T __any_on
00128778 000000a8 T frexp
00128820 00000010 T nan
00128830 00000190 T __ssprint_r
001289c0 00000190 T _wcsnrtombs_l
00128b50 0000004c T _wcsnrtombs_r
00128b9c 00000054 T __assert_func
00128bf0 00000084 T category
00128c74 0000003c T fiprintf
00128cb0 00000628 t get_arg
001292d8 00000030 T __sprint_r
00129308 0000233c T _vfiprintf_r
0012b644 000000d4 t __sbprintf
0012b718 00000014 T abort
0012b72c 00000098 T _raise_r
0012b7c4 00000020 T raise
0012b7e4 00000008 t null_write
0012b7ec 00000018 T setDefaultDevice
0012b804 000000c8 T FindDevice
0012b8cc 00000028 T RemoveDevice
0012b8f4 0000009c T AddDevice
0012b990 00000020 T GetDeviceOpTab
0012b9b0 00000078 T _fstat_r
0012ba28 00000014 T _getpid_r
0012ba3c 00000030 T _gettimeofday_r
0012ba6c 00000008 T _isatty_r
0012ba74 00000014 T _kill_r
0012ba88 00000084 T _lseek_r
0012bb0c 000000c8 T _open_r
0012bbd4 00000080 T _read_r
0012bc54 00000078 T _sbrk_r
0012bccc 00000080 T _write_r
0012bd4c 00000020 T _exit
0012bd6c 000001b8 T _concatenate_path
0012bf24 00000160 T chdir
0012c084 00000008 T __flockfile
0012c08c 00000008 T __funlockfile
0012c094 0000008c T __release_handle
0012c120 000000b4 T __alloc_handle
0012c1d4 0000003c T __get_handle
0012c210 000000f4 T _close_r
0012c304 0000002c T __getreent
0012c330 0000001c T __libc_lock_acquire
0012c34c 0000001c T __libc_lock_release
0012c368 0000001c T __libc_lock_init_recursive
0012c384 0000001c T __libc_lock_acquire_recursive
0012c3a0 0000001c T __libc_lock_release_recursive
0012c3bc 0000001c T __libc_lock_close_recursive
0012c3d8 00000038 T __aeabi_d2lz
0012c3d8 00000038 T __fixdfdi
0012c410 00000040 T __aeabi_d2ulz
0012c410 00000040 T __fixunsdfdi
0012c450 00000044 T strrchr
0012c494 T _fini
0012d158 00000008 r s_defaultTint.0
0012d160 R render2d_shbin
0012d2ec R render2d_shbin_end
0012d2ec R render2d_shbin_size
0012d2f0 00000038 r CSWTCH.19
0012d328 00000005 r colorFmtSizes
0012d330 00000004 r depthFmtSizes
0012d334 00000010 r CSWTCH.9
0012d368 00000070 r romFS_devoptab
0012d450 00000006 r colorCube
0012d458 00000030 r colorTable
0012d488 00000070 r dotab_stdout
0012d4f8 00000018 r grayScale
0012d518 00000011 r dsp_filename.0
0012d574 00000008 r morton_x.3
0012d57c 00000008 r morton_y.2
0012d584 00000008 r s_sleepWakeEvents.4
0012d5c4 R default_font_bin
0012ddc4 R default_font_bin_end
0012ddf0 00000070 r archive_devoptab
0012de60 00000030 r error_table
0012de90 00000060 R __inv_pio4
0012def0 000000e0 R __sincosf_table
0012dfd0 00000004 R _global_impure_ptr
0012dfdc 00000022 r basefix.0
0012e000 00000101 R _ctype_
0012e158 00000014 r fpi.1
0012e16c 00000014 r fpinan.0
0012e180 00000028 r tinytens
0012e1e4 00000010 r blanks.1
0012e1f4 00000010 r zeroes.0
0012e214 r .LC2
0012e2b4 00000100 R __hexdig
0012e3c8 000000bc r a1
0012e484 000000bc r a2
0012e540 0000005b r a3
0012e59c 00000070 r a6
0012e60c 000000a2 r a7
0012e6b0 00000040 r a8
0012e6f0 0000172a r b02cf
0012fe1c 00001a7c r d02f4
00131898 0000000c R _C_numeric_locale
001318e8 00000028 R __mprec_bigtens
00131910 000000c8 R __mprec_tens
001319d8 0000000c r p05.0
001319e4 0000006c R __action_table
00131a50 00000100 R __chclass
00131b50 0000006c R __state_table
00131bfc 000031e6 r categories
00134de4 00000010 r blanks.1
00134df4 00000010 r zeroes.0
00134e04 00000070 R dotab_stdnull
00134e74 r 
00134e74 R __exidx_end
00134e74 R __exidx_start
00135000 00000004 D mario_pointer
00135004 00000004 D toad_pointer
00135008 00000008 D toadAnimation
00135010 00000004 D button_pointer
00135014 00000004 D goomba_pointer
00135018 0000000c D goomba_walk_anim
00135024 00000004 D block_pointer
00135028 00000004 D sprite_id
0013502c 00000001 D can_jump
00135030 0000000c D rightWalk
0013503c 0000000c D leftWalk
00135048 00000004 D toadText_pointer
0013504c 00000004 D cwavCurrentVAPAConvCallback
00135050 00000004 d framerate
00135054 00000008 d framerateCounter
0013505c 00000004 D currentConsole
00135060 00000048 D defaultConsole
001350a8 00000001 d firstConsoleInit.0
001350ac 00000004 d queueLock
001350b0 00000004 d kCount
001350b4 00000004 d kDelay
001350b8 00000004 d kInterval
001350bc W __stacksize__
001350c0 00000004 D _impure_ptr
001350c8 00000460 d impure_data
00135528 00000408 D __malloc_av_
00135930 00000004 D __malloc_sbrk_base
00135934 00000004 D __malloc_trim_threshold
00135938 0000016c D __global_locale
00135aa4 00000002 d numempty
00135aa8 00000004 d defaultDevice
00135aac 0000008c D devoptab_list
00135b38 00000400 d _current_working_directory
00135f38 0000000c d __stderr_handle
00135f44 0000000c d __stdin_handle
00135f50 0000000c d __stdout_handle
00135f5c 00001000 d handles
00136f64 d _GLOBAL_OFFSET_TABLE_
00136f70 d __frame_dummy_init_array_entry
00136f70 D __init_array_start
00136f70 B __preinit_array_end
00136f70 B __preinit_array_start
00136f70 D __tdata_lma
00136f70 D __tdata_lma_end
00136f78 d __do_global_dtors_aux_fini_array_entry
00136f78 D __fini_array_start
00136f78 D __init_array_end
00136f7c D __bss_start__
00136f7c D __fini_array_end
00136f80 00000004 b mario_spriteSheet
00136f84 00000004 b toad_spriteSheet
00136f88 00000004 b button_spriteSheet
00136f8c 00000004 b goomba_spriteSheet
00136f90 00000004 b block_spriteSheet
00136f98 00000008 B start_loop_time
00136fa0 00000008 B now
00136fa8 00000008 B jump_start
00136fb0 00000008 B ms_elapsed_time
00136fb8 00000004 b toadText_spriteSheet
00136fbc 00000004 b background_spriteSheet
00136fc0 00000028 b background
00136fe8 00000048 b mario
00137030 00000040 b toad
00137070 00000030 b toadText
001370a0 0000002c b button
001370cc 00000050 b goomba
0013711c 00000034 b block
00137150 00000004 B g_dynamicBuf
00137154 00000004 b toadSound
00137158 00000004 b ost
0013715c 00000004 B texts
00137160 00000004 b cwavListCount
00137164 00000004 b cwavList
00137168 00000004 b cwavAddedToList
0013716c 00000004 b g_currentEnv
00137170 00000004 b g_ndspWaveBuffers
00137174 00000004 b ncsndMutex
00137178 00000004 b ncsndCmdCurOff
0013717c 00000004 b ncsndCmdStartOff
00137180 00000004 B ncsndSharedMem
00137184 00000004 B ncsndCSNDHandle
00137188 00000004 B ncsndChannels
0013718c 00000004 b ncsndRefCount
00137190 00000010 B ncsndOffsets
001371a0 00000004 B ncsndSharedMemSize
001371a4 00000004 b ncsndSharedMemBlock
001371a8 00000001 b ncsndCookieHooked
001371ac 0000000c b ncsndCookie
001371b8 b completed.1
001371bc b object.0
001371d8 000005a8 B __C2Di_Context
00137780 00000040 b s_projBot
001377c0 00000040 b s_projTop
00137800 00000004 b uLoc_mdlvMtx
00137804 00000004 b uLoc_projMtx
00137808 00000004 b s_glyphSheets
0013780c 00000004 b s_textScale
00137810 000002d0 B __C3D_Context
00137ae0 0000000c b hookCookie
00137af0 00000010 b cpuTime
00137b00 00000004 b firstTarget
00137b04 00000008 b frameCounter
00137b0c 00000004 b frameEndCb
00137b10 00000004 b frameEndCbData
00137b18 00000010 b gpuTime
00137b28 00000001 b inFrame
00137b29 00000001 b inSafeTransfer
00137b2a 00000001 b isTopStereo
00137b2c 00000004 b lastTarget
00137b30 0000000c b linkedTarget
00137b3c 00000001 b measureGpuTime
00137b3d 00000001 b needSwapBot
00137b3e 00000001 b needSwapTop
00137b40 00000004 B C3D_BoolUnifs
00137b44 00000002 B C3D_BoolUnifsDirty
00137b48 00000c00 B C3D_FVUnif
00138748 000000c0 B C3D_FVUnifDirty
00138808 00000020 B C3D_IVUnif
00138828 00000008 B C3D_IVUnifDirty
00138830 000000c0 b C3Di_FVUnifEverDirty
001388f0 00000008 b C3Di_IVUnifEverDirty
001388f8 00000018 b C3Di_ShaderFVecData
00138910 00000008 b sVramPoolA
00138918 00000008 b sVramPoolB
00138920 0000000c b sAddrMap
0013892c 00000008 b sLinearPool
00138934 0000000c b sAddrMap
00138940 00000004 V __romfs_path
00138944 00000004 b romfs_mount_list
00138948 00000001 V __ctru_speedup
0013894c 00000048 B currentCopy
00138994 00000004 B g_sharedFont
00138998 00000004 b sharedFontAddr
0013899c 00000004 b gfxBottomFramebufferMaxSize
001389a0 00000008 b gfxBottomFramebuffers
001389a8 00000002 b gfxCurBuf
001389ac 00000002 b gfxFramebufferFormats
001389b0 00000002 b gfxIsDoubleBuf
001389b2 00000001 b gfxIsVram
001389b4 00000004 b gfxTopFramebufferMaxSize
001389b8 00000008 b gfxTopFramebuffers
001389c0 00000001 b gfxTopMode
001389c4 00000004 b screenAlloc
001389c8 00000004 b screenFree
001389cc 00000004 b boundQueue
001389d0 00000004 b curQueue
001389d4 00000001 b isActive
001389d5 00000001 b isRunning
001389d6 00000001 b shouldStop
001389d8 00000004 B gpuCmdBuf
001389dc 00000004 B gpuCmdBufOffset
001389e0 00000004 B gpuCmdBufSize
001389e4 00000001 b bCancelReceived
001389e5 00000001 b bDspReady
001389e6 00000001 b bEnteringSleep
001389e7 00000001 b bSleeping
001389e8 00000004 b componentBin
001389ec 00000002 b componentDataMask
001389ee 00000001 b componentFree
001389f0 00000002 b componentProgMask
001389f4 00000004 b componentSize
001389f8 00000004 b droppedFrames
001389fc 00000004 b dspSem
00138a00 00001080 b dspVar5Backup
00139a80 00000004 b frameCount
00139a84 00000004 b irqEvent
00139a88 00000002 B ndspBufferCurId
00139a8a 00000002 B ndspBufferId
00139a8c 00000002 B ndspFrameId
00139a90 00000008 b ndspHookCookie
00139a98 00000048 b ndspMaster
00139ae0 00000004 b ndspMutex
00139ae4 00000004 b ndspRefCount
00139ae8 00000004 b ndspThread
00139aec 00000001 b ndspThreadRun
00139af0 00000080 B ndspVars
00139b70 00000008 b sleepEvent
00139b78 00000c60 b ndspChn
0013a7d8 00000004 b cfguHandle
0013a7dc 00000004 b cfguRefCount
0013a7e0 00000001 b dspComponentLoaded
0013a7e4 00000008 b dspFirstHook
0013a7ec 00000004 b dspHandle
0013a7f0 00000004 b dspRefCount
0013a7f4 00000004 b dspSavedCompBin
0013a7f8 00000002 b dspSavedCompDataMask
0013a7fa 00000002 b dspSavedCompProgMask
0013a7fc 00000004 b dspSavedCompSize
0013a800 00000001 b dspSleeping
0013a804 00000004 b gspEvent
0013a808 0000001c b gspEventCb
0013a824 0000001c b gspEventCbData
0013a840 00000007 b gspEventCbOneShot
0013a848 00000004 b gspEventThread
0013a84c 00000038 b gspEvents
0013a884 00000004 b gspGpuHandle
0013a888 00000001 b gspGpuRight
0013a88c 00000004 b gspLastEvent
0013a890 00000004 b gspRefCount
0013a894 00000001 b gspRunEvents
0013a898 00000004 b gspSharedMem
0013a89c 00000004 b gspSharedMemHandle
0013a8a0 00000001 b gspThreadId
0013a8a1 00000001 b aptChainloadFlags
0013a8a2 00000001 b aptChainloadMediatype
0013a8a8 00000008 b aptChainloadTid
0013a8b0 00000004 b aptEventHandlerThread
0013a8b4 00000001 b aptEventHandlerThreadQuit
0013a8b8 00000008 b aptEvents
0013a8c0 0000000c b aptFirstHook
0013a8cc 00000004 b aptFlags
0013a8d0 00000001 b aptHomeButtonState
0013a8d4 00000004 b aptLockHandle
0013a8d8 00000004 b aptMessageFunc
0013a8dc 00000004 b aptMessageFuncData
0013a8e0 00001000 b aptParameters
0013b8e0 00000008 b aptReceiveEvent
0013b8e8 00000004 b aptRefCount
0013b8ec 00000008 b aptSleepEvent
0013b8f4 00000001 b flagInit.1
0013b8f5 00000001 b flagValue.0
0013b8f8 00000004 b serviceName.6
0013b8fc 00000006 b aVec
0013b904 00000004 b cPos
0013b908 00000006 b gRate
0013b910 00000014 B hidEvents
0013b924 00000004 B hidHandle
0013b928 00000004 B hidMemHandle
0013b92c 00000004 b hidRefCount
0013b930 00000004 B hidSharedMem
0013b934 00000004 b kDown
0013b938 00000004 b kHeld
0013b93c 00000004 b kOld
0013b940 00000004 b kRepeat
0013b944 00000004 b kUp
0013b948 00000004 b tPos
0013b94c 00000001 b usingIrrst
0013b950 00000004 b ptmSysmHandle
0013b954 00000004 b ptmSysmRefCount
0013b958 00000080 b fsExemptArchives
0013b9d8 00000004 b fsuHandle
0013b9dc 00000004 b fsuRefCount
0013b9e0 00000004 B __ctru_heap
0013b9e4 00000004 V __ctru_heap_size
0013b9e8 00000004 B __ctru_linear_heap
0013b9ec 00000004 V __ctru_linear_heap_size
0013b9f0 00000004 B __system_retAddr
0013b9f4 00000004 B __system_argc
0013b9f8 00000004 B __system_argv
0013b9fc b saved_stack
0013ba04 00000004 b arbiter
0013ba08 00000004 B __3dslink_host
0013ba0c 00000004 b srvHandle
0013ba10 00000004 b srvRefCount
0013ba14 00000004 b currentAddr
0013ba18 00000004 b maxAddr
0013ba1c 00000004 b minAddr
0013ba20 00000004 b csPos
0013ba24 00000004 B irrstEvent
0013ba28 00000004 B irrstHandle
0013ba2c 00000004 B irrstMemHandle
0013ba30 00000004 b irrstRefCount
0013ba34 00000004 B irrstSharedMem
0013ba38 00000004 b kHeld
0013ba3c 00000004 b srvPmHandle
0013ba40 00000004 b archive_device_cwd
0013ba48 00000540 b archive_devices
0013bf88 00000001 b archive_initialized
0013bf8c 0000000c b __sfp_recursive_mutex
0013bf98 0000000c b __sinit_recursive_mutex
0013bfa4 00000028 B __malloc_current_mallinfo
0013bfcc 00000004 B __malloc_max_sbrked_mem
0013bfd0 00000004 B __malloc_max_total_mem
0013bfd4 00000004 B __malloc_top_pad
0013bfd8 0000000c b __malloc_recursive_mutex
0013bfe4 0000000c B __atexit_recursive_mutex
0013bff0 00000004 b heap_start.0
0013bff4 00000004 B fake_heap_end
0013bff8 00000004 B fake_heap_start
0013bffc 00000400 b temp_cwd
0013c3fc 00000004 b __hndl_lock
0013c400 B __tls_start
0013d008 B __bss_end__
0013d008 A __end__
0013d008 B __tls_end
